find_header: checking for float.h... -------------------- yes

"xcrun cc -E -I. -I/System/Library/Frameworks/Ruby.framework/Versions/1.8/usr/lib/ruby/1.8/universal-darwin13.0 -I.  -D_XOPEN_SOURCE -D_DARWIN_C_SOURCE    -g -Os -pipe -fno-common -DENABLE_DTRACE  -fno-common  -pipe -fno-common    conftest.c -o conftest.i"
checked program was:
/* begin */
1: #include <float.h>
/* end */

--------------------

find_header: checking for ruby.h... -------------------- yes

"xcrun cc -E -I. -I/System/Library/Frameworks/Ruby.framework/Versions/1.8/usr/lib/ruby/1.8/universal-darwin13.0 -I.  -D_XOPEN_SOURCE -D_DARWIN_C_SOURCE    -g -Os -pipe -fno-common -DENABLE_DTRACE  -fno-common  -pipe -fno-common    conftest.c -o conftest.i"
checked program was:
/* begin */
1: #include <ruby.h>
/* end */

--------------------

find_header: checking for stdlib.h... -------------------- yes

"xcrun cc -E -I. -I/System/Library/Frameworks/Ruby.framework/Versions/1.8/usr/lib/ruby/1.8/universal-darwin13.0 -I.  -D_XOPEN_SOURCE -D_DARWIN_C_SOURCE    -g -Os -pipe -fno-common -DENABLE_DTRACE  -fno-common  -pipe -fno-common    conftest.c -o conftest.i"
checked program was:
/* begin */
1: #include <stdlib.h>
/* end */

--------------------

find_header: checking for string.h... -------------------- yes

"xcrun cc -E -I. -I/System/Library/Frameworks/Ruby.framework/Versions/1.8/usr/lib/ruby/1.8/universal-darwin13.0 -I.  -D_XOPEN_SOURCE -D_DARWIN_C_SOURCE    -g -Os -pipe -fno-common -DENABLE_DTRACE  -fno-common  -pipe -fno-common    conftest.c -o conftest.i"
checked program was:
/* begin */
1: #include <string.h>
/* end */

--------------------

have_header: checking for fcntl.h... -------------------- yes

"xcrun cc -E -I. -I/System/Library/Frameworks/Ruby.framework/Versions/1.8/usr/lib/ruby/1.8/universal-darwin13.0 -I.  -D_XOPEN_SOURCE -D_DARWIN_C_SOURCE    -g -Os -pipe -fno-common -DENABLE_DTRACE  -fno-common  -pipe -fno-common    conftest.c -o conftest.i"
checked program was:
/* begin */
1: #include <fcntl.h>
/* end */

--------------------

have_header: checking for sys/errno.h... -------------------- yes

"xcrun cc -E -I. -I/System/Library/Frameworks/Ruby.framework/Versions/1.8/usr/lib/ruby/1.8/universal-darwin13.0 -I.  -D_XOPEN_SOURCE -D_DARWIN_C_SOURCE    -g -Os -pipe -fno-common -DENABLE_DTRACE  -fno-common  -pipe -fno-common    conftest.c -o conftest.i"
checked program was:
/* begin */
1: #include <sys/errno.h>
/* end */

--------------------

have_header: checking for sys/socket.h... -------------------- yes

"xcrun cc -E -I. -I/System/Library/Frameworks/Ruby.framework/Versions/1.8/usr/lib/ruby/1.8/universal-darwin13.0 -I.  -D_XOPEN_SOURCE -D_DARWIN_C_SOURCE    -g -Os -pipe -fno-common -DENABLE_DTRACE  -fno-common  -pipe -fno-common    conftest.c -o conftest.i"
checked program was:
/* begin */
1: #include <sys/socket.h>
/* end */

--------------------

have_header: checking for ruby/st.h... -------------------- no

"xcrun cc -E -I. -I/System/Library/Frameworks/Ruby.framework/Versions/1.8/usr/lib/ruby/1.8/universal-darwin13.0 -I.  -D_XOPEN_SOURCE -D_DARWIN_C_SOURCE    -g -Os -pipe -fno-common -DENABLE_DTRACE  -fno-common  -pipe -fno-common    conftest.c -o conftest.i"
conftest.c:1:10: fatal error: 'ruby/st.h' file not found
#include <ruby/st.h>
         ^
1 error generated.
checked program was:
/* begin */
1: #include <ruby/st.h>
/* end */

--------------------

have_header: checking for st.h... -------------------- yes

"xcrun cc -E -I. -I/System/Library/Frameworks/Ruby.framework/Versions/1.8/usr/lib/ruby/1.8/universal-darwin13.0 -I.  -D_XOPEN_SOURCE -D_DARWIN_C_SOURCE    -g -Os -pipe -fno-common -DENABLE_DTRACE  -fno-common  -pipe -fno-common    conftest.c -o conftest.i"
checked program was:
/* begin */
1: #include <st.h>
/* end */

--------------------

